<?xml version="1.0" encoding="UTF-8"?>
<!-- Generated by org.testng.reporters.JUnitReportReporter -->
<testsuite skipped="0" hostname="DESKTOP-56FMGKP" name="org.project.New" tests="1" failures="0" timestamp="22 Feb 2023 08:48:08 GMT" time="5.524" errors="0">
  <testcase name="tc1" time="5.524" classname="org.project.New"/>
</testsuite> <!-- org.project.New -->
