<?xml version="1.0" encoding="UTF-8"?>
<!-- Generated by org.testng.reporters.JUnitReportReporter -->
<testsuite skipped="0" hostname="DESKTOP-56FMGKP" name="org.project.Q2_RedBus" tests="1" failures="0" timestamp="11 Mar 2023 16:05:03 GMT" time="18.729" errors="0">
  <testcase name="tc" time="18.729" classname="org.project.Q2_RedBus"/>
</testsuite> <!-- org.project.Q2_RedBus -->
