<?xml version="1.0" encoding="UTF-8"?>
<!-- Generated by org.testng.reporters.JUnitReportReporter -->
<testsuite skipped="0" hostname="DESKTOP-56FMGKP" name="org.project.Q3_Demo" tests="1" failures="0" timestamp="24 Feb 2023 10:59:52 GMT" time="15.753" errors="0">
  <testcase name="tc" time="15.753" classname="org.project.Q3_Demo"/>
</testsuite> <!-- org.project.Q3_Demo -->
