<?xml version="1.0" encoding="UTF-8"?>
<!-- Generated by org.testng.reporters.JUnitReportReporter -->
<testsuite skipped="0" hostname="DESKTOP-56FMGKP" name="org.project.Q15_Gmail" tests="4" failures="0" timestamp="26 Feb 2023 03:40:00 GMT" time="45.128" errors="0">
  <testcase name="test" time="10.398" classname="org.project.Q15_Gmail"/>
  <testcase name="test" time="12.221" classname="org.project.Q15_Gmail"/>
  <testcase name="test" time="9.817" classname="org.project.Q15_Gmail"/>
  <testcase name="test" time="12.692" classname="org.project.Q15_Gmail"/>
</testsuite> <!-- org.project.Q15_Gmail -->
