<?xml version="1.0" encoding="UTF-8"?>
<!-- Generated by org.testng.reporters.JUnitReportReporter -->
<testsuite skipped="0" hostname="DESKTOP-56FMGKP" name="org.project.Q14_Gmail_Paramater" tests="1" failures="0" timestamp="25 Feb 2023 15:20:37 GMT" time="8.828" errors="0">
  <testcase name="tc" time="8.828" classname="org.project.Q14_Gmail_Paramater"/>
</testsuite> <!-- org.project.Q14_Gmail_Paramater -->
