<?xml version="1.0" encoding="UTF-8"?>
<!-- Generated by org.testng.reporters.JUnitReportReporter -->
<testsuite skipped="0" hostname="DESKTOP-56FMGKP" name="org.project.Q8_Greens_ChromeReport" tests="1" failures="0" timestamp="25 Feb 2023 13:31:16 GMT" time="7.914" errors="0">
  <testcase name="tc" time="7.914" classname="org.project.Q8_Greens_ChromeReport"/>
</testsuite> <!-- org.project.Q8_Greens_ChromeReport -->
