<?xml version="1.0" encoding="UTF-8"?>
<!-- Generated by org.testng.reporters.JUnitReportReporter -->
<testsuite skipped="0" hostname="DESKTOP-56FMGKP" name="org.project.Q1_FaceBook" tests="3" failures="0" timestamp="24 Feb 2023 04:13:33 GMT" time="13.375" errors="0">
  <testcase name="tc2" time="0.204" classname="org.project.Q1_FaceBook"/>
  <testcase name="tc3" time="13.000" classname="org.project.Q1_FaceBook"/>
  <testcase name="tc1" time="0.171" classname="org.project.Q1_FaceBook"/>
</testsuite> <!-- org.project.Q1_FaceBook -->
