<?xml version="1.0" encoding="UTF-8"?>
<!-- Generated by org.testng.reporters.JUnitReportReporter -->
<testsuite skipped="0" hostname="DESKTOP-56FMGKP" name="org.project.Q4_Flipkart" tests="1" failures="0" timestamp="24 Feb 2023 10:28:20 GMT" time="9.911" errors="0">
  <testcase name="flipkart" time="9.911" classname="org.project.Q4_Flipkart"/>
</testsuite> <!-- org.project.Q4_Flipkart -->
